<?xml version="1.0" encoding="UTF-8"?>
<!-- Generated by org.testng.reporters.JUnitXMLReporter -->
<testsuite ignored="0" hostname="DESKTOP-6084CDG" failures="2" tests="48" name="Surefire test" time="36.458" errors="0" timestamp="2025-02-09T12:40:35 CST">
  <testcase classname="tests.UserTests" name="testGetUsers" time="6.785"/>
  <testcase classname="tests.UserTests" name="testGetUsers" time="0.462"/>
  <testcase classname="tests.UserTests" name="testCreateNewUser" time="1.632"/>
  <testcase classname="tests.UserTests" name="testCreateNewUser" time="0.521"/>
  <testcase classname="tests.UserTests" name="testCreateNewUser" time="0.372"/>
  <testcase classname="tests.UserTests" name="testCreateNewUser" time="0.374"/>
  <testcase classname="tests.UserTests" name="testCreateNewUser" time="0.376"/>
  <testcase classname="tests.UserTests" name="testCreateNewUser" time="0.381"/>
  <testcase classname="tests.UserTests" name="testCreateNewUser" time="0.381"/>
  <testcase classname="tests.UserTests" name="testCreateNewUser" time="0.342"/>
  <testcase classname="tests.UserTests" name="testCreateNewUser" time="0.417"/>
  <testcase classname="tests.UserTests" name="testCreateNewUser" time="0.357"/>
  <testcase classname="tests.UserTests" name="testCreateNewUser" time="0.367"/>
  <testcase classname="tests.UserTests" name="testCreateNewUser" time="0.369"/>
  <testcase classname="tests.UserTests" name="testCreateNewUser" time="0.358"/>
  <testcase classname="tests.UserTests" name="testCreateNewUser" time="0.374"/>
  <testcase classname="tests.UserTests" name="testCreateNewUser" time="0.363"/>
  <testcase classname="tests.UserTests" name="testCreateNewUser" time="0.394"/>
  <testcase classname="tests.UserTests" name="testCreateNewUser" time="0.381"/>
  <testcase classname="tests.UserTests" name="testCreateNewUser" time="0.478"/>
  <testcase classname="tests.UserTests" name="testGetUserById" time="0.369"/>
  <testcase classname="tests.UserTests" name="testGetUserById" time="0.356"/>
  <testcase classname="tests.UserTests" name="testGetUserByFirstName" time="0.458"/>
  <testcase classname="tests.UserTests" name="testGetUserByFirstName" time="0.362"/>
  <testcase classname="tests.UserTests" name="testUpdateUser" time="0.946"/>
  <testcase classname="tests.UserTests" name="testUpdateUser" time="0.994">
    <failure type="java.lang.AssertionError" message="1 expectation failed.
Expected status code &amp;lt;200&amp;gt; but was &amp;lt;500&amp;gt;.
">
      <![CDATA[java.lang.AssertionError: 1 expectation failed.
Expected status code <200> but was <500>.

at org.codehaus.groovy.runtime.callsite.ConstructorSite$ConstructorSiteNoUnwrapNoCoerce.callConstructor(ConstructorSite.java:108)
at org.codehaus.groovy.runtime.callsite.CallSiteArray.defaultCallConstructor(CallSiteArray.java:57)
at org.codehaus.groovy.runtime.callsite.AbstractCallSite.callConstructor(AbstractCallSite.java:263)
at org.codehaus.groovy.runtime.callsite.AbstractCallSite.callConstructor(AbstractCallSite.java:277)
at io.restassured.internal.ResponseSpecificationImpl$HamcrestAssertionClosure.validate(ResponseSpecificationImpl.groovy:512)
at io.restassured.internal.ResponseSpecificationImpl$HamcrestAssertionClosure$validate$1.call(Unknown Source)
at io.restassured.internal.ResponseSpecificationImpl.validateResponseIfRequired(ResponseSpecificationImpl.groovy:696)
at io.restassured.internal.ResponseSpecificationImpl.this$2$validateResponseIfRequired(ResponseSpecificationImpl.groovy)
at org.codehaus.groovy.runtime.callsite.PlainObjectMetaMethodSite.doInvoke(PlainObjectMetaMethodSite.java:43)
at org.codehaus.groovy.runtime.callsite.PogoMetaMethodSite$PogoCachedMethodSiteNoUnwrapNoCoerce.invoke(PogoMetaMethodSite.java:198)
at org.codehaus.groovy.runtime.callsite.PogoMetaMethodSite.callCurrent(PogoMetaMethodSite.java:62)
at org.codehaus.groovy.runtime.callsite.AbstractCallSite.callCurrent(AbstractCallSite.java:185)
at io.restassured.internal.ResponseSpecificationImpl.statusCode(ResponseSpecificationImpl.groovy:135)
at io.restassured.specification.ResponseSpecification$statusCode$0.callCurrent(Unknown Source)
at io.restassured.internal.ResponseSpecificationImpl.statusCode(ResponseSpecificationImpl.groovy:143)
at io.restassured.internal.ValidatableResponseOptionsImpl.statusCode(ValidatableResponseOptionsImpl.java:89)
at tests.UserTests.testUpdateUser(UserTests.java:223)
at java.base/java.util.ArrayList.forEach(ArrayList.java:1597)
... Removed 36 stack frames]]>
    </failure>
  </testcase> <!-- testUpdateUser -->
  <testcase classname="tests.UserTests" name="testUpdateUser" time="0.806"/>
  <testcase classname="tests.UserTests" name="testUpdateUser" time="0.846"/>
  <testcase classname="tests.UserTests" name="testUpdateUser" time="0.833"/>
  <testcase classname="tests.UserTests" name="testUpdateUser" time="0.829">
    <failure type="java.lang.AssertionError" message="1 expectation failed.
Expected status code &amp;lt;409&amp;gt; but was &amp;lt;500&amp;gt;.
">
      <![CDATA[java.lang.AssertionError: 1 expectation failed.
Expected status code <409> but was <500>.

at org.codehaus.groovy.runtime.callsite.ConstructorSite$ConstructorSiteNoUnwrapNoCoerce.callConstructor(ConstructorSite.java:108)
at org.codehaus.groovy.runtime.callsite.AbstractCallSite.callConstructor(AbstractCallSite.java:277)
at io.restassured.internal.ResponseSpecificationImpl$HamcrestAssertionClosure.validate(ResponseSpecificationImpl.groovy:512)
at io.restassured.internal.ResponseSpecificationImpl$HamcrestAssertionClosure$validate$1.call(Unknown Source)
at io.restassured.internal.ResponseSpecificationImpl.validateResponseIfRequired(ResponseSpecificationImpl.groovy:696)
at io.restassured.internal.ResponseSpecificationImpl.this$2$validateResponseIfRequired(ResponseSpecificationImpl.groovy)
at org.codehaus.groovy.runtime.callsite.PlainObjectMetaMethodSite.doInvoke(PlainObjectMetaMethodSite.java:43)
at org.codehaus.groovy.runtime.callsite.PogoMetaMethodSite$PogoCachedMethodSiteNoUnwrapNoCoerce.invoke(PogoMetaMethodSite.java:198)
at org.codehaus.groovy.runtime.callsite.PogoMetaMethodSite.callCurrent(PogoMetaMethodSite.java:62)
at org.codehaus.groovy.runtime.callsite.AbstractCallSite.callCurrent(AbstractCallSite.java:185)
at io.restassured.internal.ResponseSpecificationImpl.statusCode(ResponseSpecificationImpl.groovy:135)
at io.restassured.specification.ResponseSpecification$statusCode$0.callCurrent(Unknown Source)
at io.restassured.internal.ResponseSpecificationImpl.statusCode(ResponseSpecificationImpl.groovy:143)
at io.restassured.internal.ValidatableResponseOptionsImpl.statusCode(ValidatableResponseOptionsImpl.java:89)
at tests.UserTests.testUpdateUser(UserTests.java:223)
at java.base/java.util.ArrayList.forEach(ArrayList.java:1597)
... Removed 36 stack frames]]>
    </failure>
  </testcase> <!-- testUpdateUser -->
  <testcase classname="tests.UserTests" name="testUpdateUser" time="0.819"/>
  <testcase classname="tests.UserTests" name="testUpdateUser" time="0.767"/>
  <testcase classname="tests.UserTests" name="testUpdateUser" time="0.802"/>
  <testcase classname="tests.UserTests" name="testUpdateUser" time="0.824"/>
  <testcase classname="tests.UserTests" name="testUpdateUser" time="0.759"/>
  <testcase classname="tests.UserTests" name="testUpdateUser" time="0.758"/>
  <testcase classname="tests.UserTests" name="testUpdateUser" time="0.717"/>
  <testcase classname="tests.UserTests" name="testUpdateUser" time="0.725"/>
  <testcase classname="tests.UserTests" name="testUpdateUser" time="0.72"/>
  <testcase classname="tests.UserTests" name="testUpdateUser" time="0.717"/>
  <testcase classname="tests.UserTests" name="testUpdateUser" time="0.75"/>
  <testcase classname="tests.UserTests" name="testUpdateUser" time="0.8"/>
  <testcase classname="tests.UserTests" name="testDeleteUserById" time="0.396"/>
  <testcase classname="tests.UserTests" name="testDeleteUserById" time="0.362"/>
  <testcase classname="tests.UserTests" name="testDeleteUserById" time="0.414"/>
  <testcase classname="tests.UserTests" name="testDeleteUserByFirstName" time="0.395"/>
  <testcase classname="tests.UserTests" name="testDeleteUserByFirstName" time="0.378"/>
  <testcase classname="tests.UserTests" name="testDeleteUserByFirstName" time="0.365"/>
</testsuite> <!-- Surefire test -->
