<html>
<head>
<title>TestNG:  Surefire test</title>
<link href="../testng.css" rel="stylesheet" type="text/css" />
<link href="../my-testng.css" rel="stylesheet" type="text/css" />

<style type="text/css">
.log { display: none;} 
.stack-trace { display: none;} 
</style>
<script type="text/javascript">
<!--
function flip(e) {
  current = e.style.display;
  if (current == 'block') {
    e.style.display = 'none';
    return 0;
  }
  else {
    e.style.display = 'block';
    return 1;
  }
}

function toggleBox(szDivId, elem, msg1, msg2)
{
  var res = -1;  if (document.getElementById) {
    res = flip(document.getElementById(szDivId));
  }
  else if (document.all) {
    // this is the way old msie versions work
    res = flip(document.all[szDivId]);
  }
  if(elem) {
    if(res == 0) elem.innerHTML = msg1; else elem.innerHTML = msg2;
  }

}

function toggleAllBoxes() {
  if (document.getElementsByTagName) {
    d = document.getElementsByTagName('div');
    for (i = 0; i < d.length; i++) {
      if (d[i].className == 'log') {
        flip(d[i]);
      }
    }
  }
}

// -->
</script>

</head>
<body>
<h2 align='center'>Surefire test</h2><table border='1' align="center">
<tr>
<td>Tests passed/Failed/Skipped:</td><td>46/2/0</td>
</tr><tr>
<td>Started on:</td><td>Sun Feb 09 12:39:59 CST 2025</td>
</tr>
<tr><td>Total time:</td><td>36 seconds (36458 ms)</td>
</tr><tr>
<td>Included groups:</td><td></td>
</tr><tr>
<td>Excluded groups:</td><td></td>
</tr>
</table><p/>
<small><i>(Hover the method name to see the test class name)</i></small><p/>
<table width='100%' border='1' class='invocation-failed'>
<tr><td colspan='4' align='center'><b>FAILED TESTS</b></td></tr>
<tr><td><b>Test method</b></td>
<td><b>Attribute(s)</b></td>
<td width="30%"><b>Exception</b></td>
<td width="10%"><b>Time (seconds)</b></td>
<td><b>Instance</b></td>
</tr>
<tr>
<td title='tests.UserTests.testUpdateUser()'><b>testUpdateUser</b><br>Test class: tests.UserTests<br>Parameters: {country=USA, zipCode=61115, user_last_name=Sundaravadivelu, expected_status_line=OK, RequestName=UpdateUser, ﻿Method=PUT, expected_status_code=200, userId=, Scenario=Revert previous fields  to original value, user_contact_number=GENERATE_IN_CODE, endpoint=uap/updateuser, user_first_name=Srividya, user_email_id=Team10Srividya2@gmail.com, street=Waldo Ave, plotNumber=3-A, state=Illinois}</td>
<td><div><pre>java.lang.AssertionError: 1 expectation failed.
Expected status code &lt;200&gt; but was &lt;500&gt;.

	at org.codehaus.groovy.runtime.callsite.ConstructorSite$ConstructorSiteNoUnwrapNoCoerce.callConstructor(ConstructorSite.java:108)
	at org.codehaus.groovy.runtime.callsite.CallSiteArray.defaultCallConstructor(CallSiteArray.java:57)
	at org.codehaus.groovy.runtime.callsite.AbstractCallSite.callConstructor(AbstractCallSite.java:263)
	at org.codehaus.groovy.runtime.callsite.AbstractCallSite.callConstructor(AbstractCallSite.java:277)
	at io.restassured.internal.ResponseSpecificationImpl$HamcrestAssertionClosure.validate(ResponseSpecificationImpl.groovy:512)
	at io.restassured.internal.ResponseSpecificationImpl$HamcrestAssertionClosure$validate$1.call(Unknown Source)
	at io.restassured.internal.ResponseSpecificationImpl.validateResponseIfRequired(ResponseSpecificationImpl.groovy:696)
	at io.restassured.internal.ResponseSpecificationImpl.this$2$validateResponseIfRequired(ResponseSpecificationImpl.groovy)
	at org.codehaus.groovy.runtime.callsite.PlainObjectMetaMethodSite.doInvoke(PlainObjectMetaMethodSite.java:43)
	at org.codehaus.groovy.runtime.callsite.PogoMetaMethodSite$PogoCachedMethodSiteNoUnwrapNoCoerce.invoke(PogoMetaMethodSite.java:198)
	at org.codehaus.groovy.runtime.callsite.PogoMetaMethodSite.callCurrent(PogoMetaMethodSite.java:62)
	at org.codehaus.groovy.runtime.callsite.AbstractCallSite.callCurrent(AbstractCallSite.java:185)
	at io.restassured.internal.ResponseSpecificationImpl.statusCode(ResponseSpecificationImpl.groovy:135)
	at io.restassured.specification.ResponseSpecification$statusCode$0.callCurrent(Unknown Source)
	at io.restassured.internal.ResponseSpecificationImpl.statusCode(ResponseSpecificationImpl.groovy:143)
	at io.restassured.internal.ValidatableResponseOptionsImpl.statusCode(ValidatableResponseOptionsImpl.java:89)
	at tests.UserTests.testUpdateUser(UserTests.java:223)
	at java.base/java.util.ArrayList.forEach(ArrayList.java:1597)
... Removed 36 stack frames</pre></div><a href='#' onClick='toggleBox("stack-trace1000927054", this, "Click to show all stack frames", "Click to hide stack frames")'>Click to show all stack frames</a>
<div class='stack-trace' id='stack-trace1000927054'><pre>java.lang.AssertionError: 1 expectation failed.
Expected status code &lt;200&gt; but was &lt;500&gt;.

	at java.base/jdk.internal.reflect.DirectConstructorHandleAccessor.newInstance(DirectConstructorHandleAccessor.java:62)
	at java.base/java.lang.reflect.Constructor.newInstanceWithCaller(Constructor.java:502)
	at java.base/java.lang.reflect.Constructor.newInstance(Constructor.java:486)
	at org.codehaus.groovy.reflection.CachedConstructor.invoke(CachedConstructor.java:73)
	at org.codehaus.groovy.runtime.callsite.ConstructorSite$ConstructorSiteNoUnwrapNoCoerce.callConstructor(ConstructorSite.java:108)
	at org.codehaus.groovy.runtime.callsite.CallSiteArray.defaultCallConstructor(CallSiteArray.java:57)
	at org.codehaus.groovy.runtime.callsite.AbstractCallSite.callConstructor(AbstractCallSite.java:263)
	at org.codehaus.groovy.runtime.callsite.AbstractCallSite.callConstructor(AbstractCallSite.java:277)
	at io.restassured.internal.ResponseSpecificationImpl$HamcrestAssertionClosure.validate(ResponseSpecificationImpl.groovy:512)
	at io.restassured.internal.ResponseSpecificationImpl$HamcrestAssertionClosure$validate$1.call(Unknown Source)
	at io.restassured.internal.ResponseSpecificationImpl.validateResponseIfRequired(ResponseSpecificationImpl.groovy:696)
	at io.restassured.internal.ResponseSpecificationImpl.this$2$validateResponseIfRequired(ResponseSpecificationImpl.groovy)
	at java.base/jdk.internal.reflect.DirectMethodHandleAccessor.invoke(DirectMethodHandleAccessor.java:103)
	at java.base/java.lang.reflect.Method.invoke(Method.java:580)
	at org.codehaus.groovy.runtime.callsite.PlainObjectMetaMethodSite.doInvoke(PlainObjectMetaMethodSite.java:43)
	at org.codehaus.groovy.runtime.callsite.PogoMetaMethodSite$PogoCachedMethodSiteNoUnwrapNoCoerce.invoke(PogoMetaMethodSite.java:198)
	at org.codehaus.groovy.runtime.callsite.PogoMetaMethodSite.callCurrent(PogoMetaMethodSite.java:62)
	at org.codehaus.groovy.runtime.callsite.AbstractCallSite.callCurrent(AbstractCallSite.java:185)
	at io.restassured.internal.ResponseSpecificationImpl.statusCode(ResponseSpecificationImpl.groovy:135)
	at io.restassured.specification.ResponseSpecification$statusCode$0.callCurrent(Unknown Source)
	at io.restassured.internal.ResponseSpecificationImpl.statusCode(ResponseSpecificationImpl.groovy:143)
	at io.restassured.internal.ValidatableResponseOptionsImpl.statusCode(ValidatableResponseOptionsImpl.java:89)
	at tests.UserTests.testUpdateUser(UserTests.java:223)
	at java.base/jdk.internal.reflect.DirectMethodHandleAccessor.invoke(DirectMethodHandleAccessor.java:103)
	at java.base/java.lang.reflect.Method.invoke(Method.java:580)
	at org.testng.internal.invokers.MethodInvocationHelper.invokeMethod(MethodInvocationHelper.java:141)
	at org.testng.internal.invokers.TestInvoker.invokeMethod(TestInvoker.java:686)
	at org.testng.internal.invokers.TestInvoker.invokeTestMethod(TestInvoker.java:230)
	at org.testng.internal.invokers.MethodRunner.runInSequence(MethodRunner.java:63)
	at org.testng.internal.invokers.TestInvoker$MethodInvocationAgent.invoke(TestInvoker.java:992)
	at org.testng.internal.invokers.TestInvoker.invokeTestMethods(TestInvoker.java:203)
	at org.testng.internal.invokers.TestMethodWorker.invokeTestMethods(TestMethodWorker.java:154)
	at org.testng.internal.invokers.TestMethodWorker.run(TestMethodWorker.java:134)
	at java.base/java.util.ArrayList.forEach(ArrayList.java:1597)
	at org.testng.TestRunner.privateRun(TestRunner.java:739)
	at org.testng.TestRunner.run(TestRunner.java:614)
	at org.testng.SuiteRunner.runTest(SuiteRunner.java:421)
	at org.testng.SuiteRunner.runSequentially(SuiteRunner.java:413)
	at org.testng.SuiteRunner.privateRun(SuiteRunner.java:373)
	at org.testng.SuiteRunner.run(SuiteRunner.java:312)
	at org.testng.SuiteRunnerWorker.runSuite(SuiteRunnerWorker.java:52)
	at org.testng.SuiteRunnerWorker.run(SuiteRunnerWorker.java:95)
	at org.testng.TestNG.runSuitesSequentially(TestNG.java:1274)
	at org.testng.TestNG.runSuitesLocally(TestNG.java:1208)
	at org.testng.TestNG.runSuites(TestNG.java:1112)
	at org.testng.TestNG.run(TestNG.java:1079)
	at org.apache.maven.surefire.testng.TestNGExecutor.run(TestNGExecutor.java:155)
	at org.apache.maven.surefire.testng.TestNGDirectoryTestSuite.executeMulti(TestNGDirectoryTestSuite.java:169)
	at org.apache.maven.surefire.testng.TestNGDirectoryTestSuite.execute(TestNGDirectoryTestSuite.java:88)
	at org.apache.maven.surefire.testng.TestNGProvider.invoke(TestNGProvider.java:137)
	at org.apache.maven.surefire.booter.ForkedBooter.runSuitesInProcess(ForkedBooter.java:385)
	at org.apache.maven.surefire.booter.ForkedBooter.execute(ForkedBooter.java:162)
	at org.apache.maven.surefire.booter.ForkedBooter.run(ForkedBooter.java:507)
	at org.apache.maven.surefire.booter.ForkedBooter.main(ForkedBooter.java:495)
</pre></div></td>
<td>0</td>
<td>tests.UserTests@55a147cc</td></tr>
<tr>
<td title='tests.UserTests.testUpdateUser()'><b>testUpdateUser</b><br>Test class: tests.UserTests<br>Parameters: {country=, zipCode=, user_last_name=, expected_status_line=Conflict, RequestName=UpdateUser, ﻿Method=PUT, expected_status_code=409, userId=, Scenario=Email id already exists, user_contact_number=, endpoint=uap/updateuser, user_first_name=, user_email_id=Numpy@gmail.com, street=, plotNumber=, state=}</td>
<td><div><pre>java.lang.AssertionError: 1 expectation failed.
Expected status code &lt;409&gt; but was &lt;500&gt;.

	at org.codehaus.groovy.runtime.callsite.ConstructorSite$ConstructorSiteNoUnwrapNoCoerce.callConstructor(ConstructorSite.java:108)
	at org.codehaus.groovy.runtime.callsite.AbstractCallSite.callConstructor(AbstractCallSite.java:277)
	at io.restassured.internal.ResponseSpecificationImpl$HamcrestAssertionClosure.validate(ResponseSpecificationImpl.groovy:512)
	at io.restassured.internal.ResponseSpecificationImpl$HamcrestAssertionClosure$validate$1.call(Unknown Source)
	at io.restassured.internal.ResponseSpecificationImpl.validateResponseIfRequired(ResponseSpecificationImpl.groovy:696)
	at io.restassured.internal.ResponseSpecificationImpl.this$2$validateResponseIfRequired(ResponseSpecificationImpl.groovy)
	at org.codehaus.groovy.runtime.callsite.PlainObjectMetaMethodSite.doInvoke(PlainObjectMetaMethodSite.java:43)
	at org.codehaus.groovy.runtime.callsite.PogoMetaMethodSite$PogoCachedMethodSiteNoUnwrapNoCoerce.invoke(PogoMetaMethodSite.java:198)
	at org.codehaus.groovy.runtime.callsite.PogoMetaMethodSite.callCurrent(PogoMetaMethodSite.java:62)
	at org.codehaus.groovy.runtime.callsite.AbstractCallSite.callCurrent(AbstractCallSite.java:185)
	at io.restassured.internal.ResponseSpecificationImpl.statusCode(ResponseSpecificationImpl.groovy:135)
	at io.restassured.specification.ResponseSpecification$statusCode$0.callCurrent(Unknown Source)
	at io.restassured.internal.ResponseSpecificationImpl.statusCode(ResponseSpecificationImpl.groovy:143)
	at io.restassured.internal.ValidatableResponseOptionsImpl.statusCode(ValidatableResponseOptionsImpl.java:89)
	at tests.UserTests.testUpdateUser(UserTests.java:223)
	at java.base/java.util.ArrayList.forEach(ArrayList.java:1597)
... Removed 36 stack frames</pre></div><a href='#' onClick='toggleBox("stack-trace1754201778", this, "Click to show all stack frames", "Click to hide stack frames")'>Click to show all stack frames</a>
<div class='stack-trace' id='stack-trace1754201778'><pre>java.lang.AssertionError: 1 expectation failed.
Expected status code &lt;409&gt; but was &lt;500&gt;.

	at java.base/jdk.internal.reflect.DirectConstructorHandleAccessor.newInstance(DirectConstructorHandleAccessor.java:62)
	at java.base/java.lang.reflect.Constructor.newInstanceWithCaller(Constructor.java:502)
	at java.base/java.lang.reflect.Constructor.newInstance(Constructor.java:486)
	at org.codehaus.groovy.reflection.CachedConstructor.invoke(CachedConstructor.java:73)
	at org.codehaus.groovy.runtime.callsite.ConstructorSite$ConstructorSiteNoUnwrapNoCoerce.callConstructor(ConstructorSite.java:108)
	at org.codehaus.groovy.runtime.callsite.AbstractCallSite.callConstructor(AbstractCallSite.java:277)
	at io.restassured.internal.ResponseSpecificationImpl$HamcrestAssertionClosure.validate(ResponseSpecificationImpl.groovy:512)
	at io.restassured.internal.ResponseSpecificationImpl$HamcrestAssertionClosure$validate$1.call(Unknown Source)
	at io.restassured.internal.ResponseSpecificationImpl.validateResponseIfRequired(ResponseSpecificationImpl.groovy:696)
	at io.restassured.internal.ResponseSpecificationImpl.this$2$validateResponseIfRequired(ResponseSpecificationImpl.groovy)
	at java.base/jdk.internal.reflect.DirectMethodHandleAccessor.invoke(DirectMethodHandleAccessor.java:103)
	at java.base/java.lang.reflect.Method.invoke(Method.java:580)
	at org.codehaus.groovy.runtime.callsite.PlainObjectMetaMethodSite.doInvoke(PlainObjectMetaMethodSite.java:43)
	at org.codehaus.groovy.runtime.callsite.PogoMetaMethodSite$PogoCachedMethodSiteNoUnwrapNoCoerce.invoke(PogoMetaMethodSite.java:198)
	at org.codehaus.groovy.runtime.callsite.PogoMetaMethodSite.callCurrent(PogoMetaMethodSite.java:62)
	at org.codehaus.groovy.runtime.callsite.AbstractCallSite.callCurrent(AbstractCallSite.java:185)
	at io.restassured.internal.ResponseSpecificationImpl.statusCode(ResponseSpecificationImpl.groovy:135)
	at io.restassured.specification.ResponseSpecification$statusCode$0.callCurrent(Unknown Source)
	at io.restassured.internal.ResponseSpecificationImpl.statusCode(ResponseSpecificationImpl.groovy:143)
	at io.restassured.internal.ValidatableResponseOptionsImpl.statusCode(ValidatableResponseOptionsImpl.java:89)
	at tests.UserTests.testUpdateUser(UserTests.java:223)
	at java.base/jdk.internal.reflect.DirectMethodHandleAccessor.invoke(DirectMethodHandleAccessor.java:103)
	at java.base/java.lang.reflect.Method.invoke(Method.java:580)
	at org.testng.internal.invokers.MethodInvocationHelper.invokeMethod(MethodInvocationHelper.java:141)
	at org.testng.internal.invokers.TestInvoker.invokeMethod(TestInvoker.java:686)
	at org.testng.internal.invokers.TestInvoker.invokeTestMethod(TestInvoker.java:230)
	at org.testng.internal.invokers.MethodRunner.runInSequence(MethodRunner.java:63)
	at org.testng.internal.invokers.TestInvoker$MethodInvocationAgent.invoke(TestInvoker.java:992)
	at org.testng.internal.invokers.TestInvoker.invokeTestMethods(TestInvoker.java:203)
	at org.testng.internal.invokers.TestMethodWorker.invokeTestMethods(TestMethodWorker.java:154)
	at org.testng.internal.invokers.TestMethodWorker.run(TestMethodWorker.java:134)
	at java.base/java.util.ArrayList.forEach(ArrayList.java:1597)
	at org.testng.TestRunner.privateRun(TestRunner.java:739)
	at org.testng.TestRunner.run(TestRunner.java:614)
	at org.testng.SuiteRunner.runTest(SuiteRunner.java:421)
	at org.testng.SuiteRunner.runSequentially(SuiteRunner.java:413)
	at org.testng.SuiteRunner.privateRun(SuiteRunner.java:373)
	at org.testng.SuiteRunner.run(SuiteRunner.java:312)
	at org.testng.SuiteRunnerWorker.runSuite(SuiteRunnerWorker.java:52)
	at org.testng.SuiteRunnerWorker.run(SuiteRunnerWorker.java:95)
	at org.testng.TestNG.runSuitesSequentially(TestNG.java:1274)
	at org.testng.TestNG.runSuitesLocally(TestNG.java:1208)
	at org.testng.TestNG.runSuites(TestNG.java:1112)
	at org.testng.TestNG.run(TestNG.java:1079)
	at org.apache.maven.surefire.testng.TestNGExecutor.run(TestNGExecutor.java:155)
	at org.apache.maven.surefire.testng.TestNGDirectoryTestSuite.executeMulti(TestNGDirectoryTestSuite.java:169)
	at org.apache.maven.surefire.testng.TestNGDirectoryTestSuite.execute(TestNGDirectoryTestSuite.java:88)
	at org.apache.maven.surefire.testng.TestNGProvider.invoke(TestNGProvider.java:137)
	at org.apache.maven.surefire.booter.ForkedBooter.runSuitesInProcess(ForkedBooter.java:385)
	at org.apache.maven.surefire.booter.ForkedBooter.execute(ForkedBooter.java:162)
	at org.apache.maven.surefire.booter.ForkedBooter.run(ForkedBooter.java:507)
	at org.apache.maven.surefire.booter.ForkedBooter.main(ForkedBooter.java:495)
</pre></div></td>
<td>0</td>
<td>tests.UserTests@55a147cc</td></tr>
</table><p>
<table width='100%' border='1' class='invocation-passed'>
<tr><td colspan='4' align='center'><b>PASSED TESTS</b></td></tr>
<tr><td><b>Test method</b></td>
<td><b>Attribute(s)</b></td>
<td width="30%"><b>Exception</b></td>
<td width="10%"><b>Time (seconds)</b></td>
<td><b>Instance</b></td>
</tr>
<tr>
<td title='tests.UserTests.testGetUserByFirstName()'><b>testGetUserByFirstName</b><br>Test class: tests.UserTests<br>Parameters: {country=, zipCode=, user_last_name=, expected_status_line=Not Found, RequestName=GetUserByFirstName, ﻿Method=GET, expected_status_code=404, userId=, Scenario=Get user by firstname- invalid endpoint, user_contact_number=, endpoint=uap/invalid, user_first_name=, user_email_id=, street=, plotNumber=, state=}</td>
<td></td>
<td>0</td>
<td>tests.UserTests@55a147cc</td></tr>
<tr>
<td title='tests.UserTests.testUpdateUser()'><b>testUpdateUser</b><br>Test class: tests.UserTests<br>Parameters: {country=USA*, zipCode=, user_last_name=, expected_status_line=Bad Request, RequestName=UpdateUser, ﻿Method=PUT, expected_status_code=400, userId=, Scenario=Country non alphabet value, user_contact_number=, endpoint=uap/updateuser, user_first_name=, user_email_id=, street=, plotNumber=, state=}</td>
<td></td>
<td>0</td>
<td>tests.UserTests@55a147cc</td></tr>
<tr>
<td title='tests.UserTests.testDeleteUserById()'><b>testDeleteUserById</b><br>Test class: tests.UserTests<br>Parameters: {country=, zipCode=, user_last_name=, expected_status_line=Not Found, RequestName=DeleteUserByID, ﻿Method=DELETE, expected_status_code=404, userId=, Scenario=Delete user by ID -invalid - already deleted user id, user_contact_number=, endpoint=uap/deleteuser, user_first_name=, user_email_id=, street=, plotNumber=, state=}</td>
<td></td>
<td>0</td>
<td>tests.UserTests@55a147cc</td></tr>
<tr>
<td title='tests.UserTests.testUpdateUser()'><b>testUpdateUser</b><br>Test class: tests.UserTests<br>Parameters: {country=, zipCode=, user_last_name=, expected_status_line=Not Found, RequestName=UpdateUser, ﻿Method=PUT, expected_status_code=404, userId=, Scenario=invalid endpoint, user_contact_number=, endpoint=uap/invalid, user_first_name=, user_email_id=, street=, plotNumber=, state=}</td>
<td></td>
<td>0</td>
<td>tests.UserTests@55a147cc</td></tr>
<tr>
<td title='tests.UserTests.testCreateNewUser()'><b>testCreateNewUser</b><br>Test class: tests.UserTests<br>Parameters: {country=USA, zipCode=61115, user_last_name=Deleteuser, expected_status_line=Created, RequestName=CreateNewUser, ﻿Method=POST, expected_status_code=201, userId=, Scenario=Create new user to use for delete, user_contact_number=GENERATE_IN_CODE, endpoint=uap/createusers, user_first_name=Deleteuser, user_email_id=GENERATE_IN_CODE, street=Waldo Ave, plotNumber=3-A, state=Illinois}</td>
<td></td>
<td>1</td>
<td>tests.UserTests@55a147cc</td></tr>
<tr>
<td title='tests.UserTests.testUpdateUser()'><b>testUpdateUser</b><br>Test class: tests.UserTests<br>Parameters: {country=, zipCode=, user_last_name=, expected_status_line=Bad Request, RequestName=UpdateUser, ﻿Method=PUT, expected_status_code=400, userId=, Scenario=Street non alphabet vaue, user_contact_number=, endpoint=uap/updateuser, user_first_name=, user_email_id=, street=Waldo*, plotNumber=, state=}</td>
<td></td>
<td>0</td>
<td>tests.UserTests@55a147cc</td></tr>
<tr>
<td title='tests.UserTests.testCreateNewUser()'><b>testCreateNewUser</b><br>Test class: tests.UserTests<br>Parameters: {country=$USA, zipCode=null, user_last_name=Sundaravadivelu, expected_status_line=Bad Request, RequestName=CreateNewUser, ﻿Method=POST, expected_status_code=400, userId=, Scenario=Country non alphabet value, user_contact_number=GENERATE_IN_CODE, endpoint=uap/createusers, user_first_name=Srividya, user_email_id=GENERATE_IN_CODE, street=, plotNumber=, state=}</td>
<td></td>
<td>0</td>
<td>tests.UserTests@55a147cc</td></tr>
<tr>
<td title='tests.UserTests.testCreateNewUser()'><b>testCreateNewUser</b><br>Test class: tests.UserTests<br>Parameters: {country=, zipCode=null, user_last_name=Sundaravadivelu, expected_status_line=Bad Request, RequestName=CreateNewUser, ﻿Method=POST, expected_status_code=400, userId=, Scenario=State non alphabet value, user_contact_number=GENERATE_IN_CODE, endpoint=uap/createusers, user_first_name=Srividya, user_email_id=GENERATE_IN_CODE, street=, plotNumber=, state=$Illinois}</td>
<td></td>
<td>0</td>
<td>tests.UserTests@55a147cc</td></tr>
<tr>
<td title='tests.UserTests.testGetUserById()'><b>testGetUserById</b><br>Test class: tests.UserTests<br>Parameters: {country=, zipCode=, user_last_name=, expected_status_line=Not Found, RequestName=GetUserByID, ﻿Method=GET, expected_status_code=404, userId=, Scenario=Get user by id- invalid endpoint, user_contact_number=, endpoint=uap/invalid, user_first_name=, user_email_id=, street=, plotNumber=, state=}</td>
<td></td>
<td>0</td>
<td>tests.UserTests@55a147cc</td></tr>
<tr>
<td title='tests.UserTests.testUpdateUser()'><b>testUpdateUser</b><br>Test class: tests.UserTests<br>Parameters: {country=, zipCode=, user_last_name=, expected_status_line=Bad Request, RequestName=UpdateUser, ﻿Method=PUT, expected_status_code=400, userId=, Scenario=Email id invalid, user_contact_number=, endpoint=uap/updateuser, user_first_name=, user_email_id=abc@@abc.com, street=, plotNumber=, state=}</td>
<td></td>
<td>0</td>
<td>tests.UserTests@55a147cc</td></tr>
<tr>
<td title='tests.UserTests.testUpdateUser()'><b>testUpdateUser</b><br>Test class: tests.UserTests<br>Parameters: {country=, zipCode=, user_last_name=, expected_status_line=Bad Request, RequestName=UpdateUser, ﻿Method=PUT, expected_status_code=400, userId=, Scenario=Contact number already exists, user_contact_number=1234567891, endpoint=uap/updateuser, user_first_name=, user_email_id=, street=, plotNumber=, state=}</td>
<td></td>
<td>0</td>
<td>tests.UserTests@55a147cc</td></tr>
<tr>
<td title='tests.UserTests.testDeleteUserById()'><b>testDeleteUserById</b><br>Test class: tests.UserTests<br>Parameters: {country=, zipCode=, user_last_name=, expected_status_line=Not Found, RequestName=DeleteUserByID, ﻿Method=DELETE, expected_status_code=404, userId=, Scenario=invalid endpoint, user_contact_number=, endpoint=uap/invalid, user_first_name=, user_email_id=, street=, plotNumber=, state=}</td>
<td></td>
<td>0</td>
<td>tests.UserTests@55a147cc</td></tr>
<tr>
<td title='tests.UserTests.testUpdateUser()'><b>testUpdateUser</b><br>Test class: tests.UserTests<br>Parameters: {country=, zipCode=, user_last_name=, expected_status_line=Bad Request, RequestName=UpdateUser, ﻿Method=PUT, expected_status_code=400, userId=, Scenario=Plot Number non alpha numeric, user_contact_number=, endpoint=uap/updateuser, user_first_name=, user_email_id=, street=, plotNumber=!ABC, state=}</td>
<td></td>
<td>0</td>
<td>tests.UserTests@55a147cc</td></tr>
<tr>
<td title='tests.UserTests.testUpdateUser()'><b>testUpdateUser</b><br>Test class: tests.UserTests<br>Parameters: {country=, zipCode=, user_last_name=, expected_status_line=Bad Request, RequestName=UpdateUser, ﻿Method=PUT, expected_status_code=400, userId=, Scenario=First name is empty, user_contact_number=, endpoint=uap/updateuser, user_first_name="""""", user_email_id=, street=, plotNumber=, state=}</td>
<td></td>
<td>0</td>
<td>tests.UserTests@55a147cc</td></tr>
<tr>
<td title='tests.UserTests.testCreateNewUser()'><b>testCreateNewUser</b><br>Test class: tests.UserTests<br>Parameters: {country=, zipCode=null, user_last_name=Sundaravadivelu$, expected_status_line=Bad Request, RequestName=CreateNewUser, ﻿Method=POST, expected_status_code=400, userId=, Scenario=Last name non alphabet value, user_contact_number=GENERATE_IN_CODE, endpoint=uap/createusers, user_first_name=Srividya, user_email_id=GENERATE_IN_CODE, street=, plotNumber=, state=}</td>
<td></td>
<td>0</td>
<td>tests.UserTests@55a147cc</td></tr>
<tr>
<td title='tests.UserTests.testCreateNewUser()'><b>testCreateNewUser</b><br>Test class: tests.UserTests<br>Parameters: {country=, zipCode=null, user_last_name=Sundaravadivelu, expected_status_line=Bad Request, RequestName=CreateNewUser, ﻿Method=POST, expected_status_code=400, userId=, Scenario=Email id empty, user_contact_number=GENERATE_IN_CODE, endpoint=uap/createusers, user_first_name=Srividya, user_email_id="""""", street=, plotNumber=, state=}</td>
<td></td>
<td>0</td>
<td>tests.UserTests@55a147cc</td></tr>
<tr>
<td title='tests.UserTests.testCreateNewUser()'><b>testCreateNewUser</b><br>Test class: tests.UserTests<br>Parameters: {country=, zipCode=null, user_last_name="""""", expected_status_line=Bad Request, RequestName=CreateNewUser, ﻿Method=POST, expected_status_code=400, userId=, Scenario=Last name empty, user_contact_number=GENERATE_IN_CODE, endpoint=uap/createusers, user_first_name=Srividya, user_email_id=GENERATE_IN_CODE, street=, plotNumber=, state=}</td>
<td></td>
<td>0</td>
<td>tests.UserTests@55a147cc</td></tr>
<tr>
<td title='tests.UserTests.testCreateNewUser()'><b>testCreateNewUser</b><br>Test class: tests.UserTests<br>Parameters: {country=, zipCode=null, user_last_name=Sundaravadivelu, expected_status_line=Bad Request, RequestName=CreateNewUser, ﻿Method=POST, expected_status_code=400, userId=, Scenario=Email id invalid, user_contact_number=GENERATE_IN_CODE, endpoint=uap/createusers, user_first_name=Srividya, user_email_id=abc@@abc.com, street=, plotNumber=, state=}</td>
<td></td>
<td>0</td>
<td>tests.UserTests@55a147cc</td></tr>
<tr>
<td title='tests.UserTests.testUpdateUser()'><b>testUpdateUser</b><br>Test class: tests.UserTests<br>Parameters: {country=, zipCode=, user_last_name=, expected_status_line=Bad Request, RequestName=UpdateUser, ﻿Method=PUT, expected_status_code=400, userId=, Scenario=First name non alphabet value, user_contact_number=, endpoint=uap/updateuser, user_first_name=Srividya$, user_email_id=, street=, plotNumber=, state=}</td>
<td></td>
<td>0</td>
<td>tests.UserTests@55a147cc</td></tr>
<tr>
<td title='tests.UserTests.testUpdateUser()'><b>testUpdateUser</b><br>Test class: tests.UserTests<br>Parameters: {country=, zipCode=6!11$, user_last_name=, expected_status_line=Bad Request, RequestName=UpdateUser, ﻿Method=PUT, expected_status_code=400, userId=, Scenario=ZipCode non numeric values, user_contact_number=, endpoint=uap/updateuser, user_first_name=, user_email_id=, street=, plotNumber=, state=}</td>
<td></td>
<td>0</td>
<td>tests.UserTests@55a147cc</td></tr>
<tr>
<td title='tests.UserTests.testDeleteUserById()'><b>testDeleteUserById</b><br>Test class: tests.UserTests<br>Parameters: {country=, zipCode=, user_last_name=, expected_status_line=OK, RequestName=DeleteUserByID, ﻿Method=DELETE, expected_status_code=200, userId=, Scenario=Delete user by ID  generated in POST - valid, user_contact_number=, endpoint=uap/deleteuser, user_first_name=, user_email_id=, street=, plotNumber=, state=}</td>
<td></td>
<td>0</td>
<td>tests.UserTests@55a147cc</td></tr>
<tr>
<td title='tests.UserTests.testCreateNewUser()'><b>testCreateNewUser</b><br>Test class: tests.UserTests<br>Parameters: {country=, zipCode=611ABC, user_last_name=Sundaravadivelu, expected_status_line=Bad Request, RequestName=CreateNewUser, ﻿Method=POST, expected_status_code=400, userId=, Scenario=ZipCode non numeric values, user_contact_number=GENERATE_IN_CODE, endpoint=uap/createusers, user_first_name=Srividya, user_email_id=, street=, plotNumber=, state=}</td>
<td></td>
<td>0</td>
<td>tests.UserTests@55a147cc</td></tr>
<tr>
<td title='tests.UserTests.testUpdateUser()'><b>testUpdateUser</b><br>Test class: tests.UserTests<br>Parameters: {country=, zipCode=, user_last_name=Sundaravadivelu$, expected_status_line=Bad Request, RequestName=UpdateUser, ﻿Method=PUT, expected_status_code=400, userId=, Scenario=Last name non alphabet value, user_contact_number=, endpoint=uap/updateuser, user_first_name=, user_email_id=, street=, plotNumber=, state=}</td>
<td></td>
<td>0</td>
<td>tests.UserTests@55a147cc</td></tr>
<tr>
<td title='tests.UserTests.testCreateNewUser()'><b>testCreateNewUser</b><br>Test class: tests.UserTests<br>Parameters: {country=, zipCode=null, user_last_name=Sundaravadivelu, expected_status_line=Conflict, RequestName=CreateNewUser, ﻿Method=POST, expected_status_code=409, userId=, Scenario=Contact number already exists, user_contact_number=1234567891, endpoint=uap/createusers, user_first_name=Srividya, user_email_id=GENERATE_IN_CODE, street=, plotNumber=, state=}</td>
<td></td>
<td>0</td>
<td>tests.UserTests@55a147cc</td></tr>
<tr>
<td title='tests.UserTests.testDeleteUserByFirstName()'><b>testDeleteUserByFirstName</b><br>Test class: tests.UserTests<br>Parameters: {country=, zipCode=, user_last_name=, expected_status_line=OK, RequestName=DeleteUserByFirstName, ﻿Method=DELETE, expected_status_code=200, userId=, Scenario=Delete user by First name - valid, user_contact_number=, endpoint=uap/deleteuser/username, user_first_name=Deleteuser, user_email_id=, street=, plotNumber=, state=}</td>
<td></td>
<td>0</td>
<td>tests.UserTests@55a147cc</td></tr>
<tr>
<td title='tests.UserTests.testUpdateUser()'><b>testUpdateUser</b><br>Test class: tests.UserTests<br>Parameters: {country=, zipCode=, user_last_name=, expected_status_line=Bad Request, RequestName=UpdateUser, ﻿Method=PUT, expected_status_code=400, userId=, Scenario=Contact number is empty, user_contact_number="""""", endpoint=uap/updateuser, user_first_name=, user_email_id=, street=, plotNumber=, state=}</td>
<td></td>
<td>0</td>
<td>tests.UserTests@55a147cc</td></tr>
<tr>
<td title='tests.UserTests.testCreateNewUser()'><b>testCreateNewUser</b><br>Test class: tests.UserTests<br>Parameters: {country=, zipCode=null, user_last_name=Sundaravadivelu, expected_status_line=Bad Request, RequestName=CreateNewUser, ﻿Method=POST, expected_status_code=400, userId=, Scenario=First name non alphabet value, user_contact_number=GENERATE_IN_CODE, endpoint=uap/createusers, user_first_name=Srividya$, user_email_id=GENERATE_IN_CODE, street=, plotNumber=, state=}</td>
<td></td>
<td>0</td>
<td>tests.UserTests@55a147cc</td></tr>
<tr>
<td title='tests.UserTests.testUpdateUser()'><b>testUpdateUser</b><br>Test class: tests.UserTests<br>Parameters: {country=, zipCode=, user_last_name="""""", expected_status_line=Bad Request, RequestName=UpdateUser, ﻿Method=PUT, expected_status_code=400, userId=, Scenario=Last name is empty, user_contact_number=, endpoint=uap/updateuser, user_first_name=, user_email_id=, street=, plotNumber=, state=}</td>
<td></td>
<td>0</td>
<td>tests.UserTests@55a147cc</td></tr>
<tr>
<td title='tests.UserTests.testUpdateUser()'><b>testUpdateUser</b><br>Test class: tests.UserTests<br>Parameters: {country=USA Updated, zipCode=11111, user_last_name=Sundaravadivelu Updated, expected_status_line=OK, RequestName=UpdateUser, ﻿Method=PUT, expected_status_code=200, userId=, Scenario=Update all fields, user_contact_number=GENERATE_IN_CODE, endpoint=uap/updateuser, user_first_name=Srividya Updated, user_email_id=GENERATE_IN_CODE, street=Waldo Ave Updated, plotNumber=3-A, state=Illinois Updated}</td>
<td></td>
<td>0</td>
<td>tests.UserTests@55a147cc</td></tr>
<tr>
<td title='tests.UserTests.testCreateNewUser()'><b>testCreateNewUser</b><br>Test class: tests.UserTests<br>Parameters: {country=, zipCode=null, user_last_name=Sundaravadivelu, expected_status_line=Bad Request, RequestName=CreateNewUser, ﻿Method=POST, expected_status_code=400, userId=, Scenario=First name empty, user_contact_number=GENERATE_IN_CODE, endpoint=uap/createusers, user_first_name="""""", user_email_id=GENERATE_IN_CODE, street=, plotNumber=, state=}</td>
<td></td>
<td>0</td>
<td>tests.UserTests@55a147cc</td></tr>
<tr>
<td title='tests.UserTests.testCreateNewUser()'><b>testCreateNewUser</b><br>Test class: tests.UserTests<br>Parameters: {country=, zipCode=, user_last_name=, expected_status_line=Not Found, RequestName=CreateNewUser, ﻿Method=POST, expected_status_code=404, userId=, Scenario=invalid endpoint, user_contact_number=, endpoint=uap/invalid, user_first_name=, user_email_id=, street=, plotNumber=, state=}</td>
<td></td>
<td>0</td>
<td>tests.UserTests@55a147cc</td></tr>
<tr>
<td title='tests.UserTests.testGetUserByFirstName()'><b>testGetUserByFirstName</b><br>Test class: tests.UserTests<br>Parameters: {country=, zipCode=, user_last_name=, expected_status_line=OK, RequestName=GetUserByFirstName, ﻿Method=GET, expected_status_code=200, userId=, Scenario=Get user by firstname - valid, user_contact_number=, endpoint=uap/users/username, user_first_name=, user_email_id=, street=, plotNumber=, state=}</td>
<td></td>
<td>0</td>
<td>tests.UserTests@55a147cc</td></tr>
<tr>
<td title='tests.UserTests.testGetUserById()'><b>testGetUserById</b><br>Test class: tests.UserTests<br>Parameters: {country=, zipCode=, user_last_name=, expected_status_line=OK, RequestName=GetUserByID, ﻿Method=GET, expected_status_code=200, userId=, Scenario=Get user by id  - valid, user_contact_number=, endpoint=uap/user, user_first_name=, user_email_id=, street=, plotNumber=, state=}</td>
<td></td>
<td>0</td>
<td>tests.UserTests@55a147cc</td></tr>
<tr>
<td title='tests.UserTests.testUpdateUser()'><b>testUpdateUser</b><br>Test class: tests.UserTests<br>Parameters: {country=, zipCode=, user_last_name=, expected_status_line=Bad Request, RequestName=UpdateUser, ﻿Method=PUT, expected_status_code=400, userId=, Scenario=Contact number greater than 10 numeric values, user_contact_number=1.23E+14, endpoint=uap/updateuser, user_first_name=, user_email_id=, street=, plotNumber=, state=}</td>
<td></td>
<td>0</td>
<td>tests.UserTests@55a147cc</td></tr>
<tr>
<td title='tests.UserTests.testGetUsers()'><b>testGetUsers</b><br>Test class: tests.UserTests<br>Parameters: {country=, zipCode=, user_last_name=, expected_status_line=OK, RequestName=GetUsers, ﻿Method=GET, expected_status_code=200, userId=, Scenario=Get all users - valid, user_contact_number=, endpoint=uap/users, user_first_name=, user_email_id=, street=, plotNumber=, state=}</td>
<td></td>
<td>6</td>
<td>tests.UserTests@55a147cc</td></tr>
<tr>
<td title='tests.UserTests.testGetUsers()'><b>testGetUsers</b><br>Test class: tests.UserTests<br>Parameters: {country=, zipCode=, user_last_name=, expected_status_line=HTTP/1.1 404, RequestName=GetUsers, ﻿Method=GET, expected_status_code=404, userId=, Scenario=Get all users - invalid endpoint, user_contact_number=, endpoint=uap/invalid, user_first_name=, user_email_id=, street=, plotNumber=, state=}</td>
<td></td>
<td>0</td>
<td>tests.UserTests@55a147cc</td></tr>
<tr>
<td title='tests.UserTests.testCreateNewUser()'><b>testCreateNewUser</b><br>Test class: tests.UserTests<br>Parameters: {country=, zipCode=null, user_last_name=Sundaravadivelu, expected_status_line=Bad Request, RequestName=CreateNewUser, ﻿Method=POST, expected_status_code=400, userId=, Scenario=Contact number less than 10 numeric values, user_contact_number=123, endpoint=uap/createusers, user_first_name=Srividya, user_email_id=GENERATE_IN_CODE, street=, plotNumber=, state=}</td>
<td></td>
<td>0</td>
<td>tests.UserTests@55a147cc</td></tr>
<tr>
<td title='tests.UserTests.testUpdateUser()'><b>testUpdateUser</b><br>Test class: tests.UserTests<br>Parameters: {country=, zipCode=, user_last_name=, expected_status_line=Bad Request, RequestName=UpdateUser, ﻿Method=PUT, expected_status_code=400, userId=, Scenario=State non alphabet value, user_contact_number=, endpoint=uap/updateuser, user_first_name=, user_email_id=, street=, plotNumber=, state=Illinois*}</td>
<td></td>
<td>0</td>
<td>tests.UserTests@55a147cc</td></tr>
<tr>
<td title='tests.UserTests.testCreateNewUser()'><b>testCreateNewUser</b><br>Test class: tests.UserTests<br>Parameters: {country=USA, zipCode=61115, user_last_name=Sundaravadivelu, expected_status_line=Created, RequestName=CreateNewUser, ﻿Method=POST, expected_status_code=201, userId=, Scenario=Pass all fields  , user_contact_number=GENERATE_IN_CODE, endpoint=uap/createusers, user_first_name=Srividya, user_email_id=GENERATE_IN_CODE, street=Waldo Ave, plotNumber=3-A, state=Illinois}</td>
<td></td>
<td>0</td>
<td>tests.UserTests@55a147cc</td></tr>
<tr>
<td title='tests.UserTests.testCreateNewUser()'><b>testCreateNewUser</b><br>Test class: tests.UserTests<br>Parameters: {country=, zipCode=null, user_last_name=Sundaravadivelu, expected_status_line=Bad Request, RequestName=CreateNewUser, ﻿Method=POST, expected_status_code=400, userId=, Scenario=Contact number greater than 10 numeric values, user_contact_number=1.23E+14, endpoint=uap/createusers, user_first_name=Srividya, user_email_id=GENERATE_IN_CODE, street=, plotNumber=, state=}</td>
<td></td>
<td>0</td>
<td>tests.UserTests@55a147cc</td></tr>
<tr>
<td title='tests.UserTests.testDeleteUserByFirstName()'><b>testDeleteUserByFirstName</b><br>Test class: tests.UserTests<br>Parameters: {country=, zipCode=, user_last_name=, expected_status_line=Not Found, RequestName=DeleteUserByFirstName, ﻿Method=DELETE, expected_status_code=404, userId=, Scenario=Delete user by First name  - invalid , user_contact_number=, endpoint=uap/deleteuser/username, user_first_name=InvalidFirstName, user_email_id=, street=, plotNumber=, state=}</td>
<td></td>
<td>0</td>
<td>tests.UserTests@55a147cc</td></tr>
<tr>
<td title='tests.UserTests.testDeleteUserByFirstName()'><b>testDeleteUserByFirstName</b><br>Test class: tests.UserTests<br>Parameters: {country=, zipCode=, user_last_name=, expected_status_line=Not Found, RequestName=DeleteUserByFirstName, ﻿Method=DELETE, expected_status_code=404, userId=, Scenario=invalid endpoint, user_contact_number=, endpoint=uap/invalid, user_first_name=, user_email_id=, street=, plotNumber=, state=}</td>
<td></td>
<td>0</td>
<td>tests.UserTests@55a147cc</td></tr>
<tr>
<td title='tests.UserTests.testCreateNewUser()'><b>testCreateNewUser</b><br>Test class: tests.UserTests<br>Parameters: {country=, zipCode=null, user_last_name=Sundaravadivelu, expected_status_line=Bad Request, RequestName=CreateNewUser, ﻿Method=POST, expected_status_code=400, userId=, Scenario=Street non alphabet vaue, user_contact_number=GENERATE_IN_CODE, endpoint=uap/createusers, user_first_name=Srividya, user_email_id=GENERATE_IN_CODE, street=$Waldo, plotNumber=, state=}</td>
<td></td>
<td>0</td>
<td>tests.UserTests@55a147cc</td></tr>
<tr>
<td title='tests.UserTests.testUpdateUser()'><b>testUpdateUser</b><br>Test class: tests.UserTests<br>Parameters: {country=, zipCode=, user_last_name=, expected_status_line=Bad Request, RequestName=UpdateUser, ﻿Method=PUT, expected_status_code=400, userId=, Scenario=Contact number less than 10 numeric values, user_contact_number=123, endpoint=uap/updateuser, user_first_name=, user_email_id=, street=, plotNumber=, state=}</td>
<td></td>
<td>0</td>
<td>tests.UserTests@55a147cc</td></tr>
<tr>
<td title='tests.UserTests.testCreateNewUser()'><b>testCreateNewUser</b><br>Test class: tests.UserTests<br>Parameters: {country=, zipCode=null, user_last_name=Sundaravadivelu, expected_status_line=Bad Request, RequestName=CreateNewUser, ﻿Method=POST, expected_status_code=400, userId=, Scenario=Contact number is null or empty, user_contact_number=null, endpoint=uap/createusers, user_first_name=Srividya, user_email_id=GENERATE_IN_CODE, street=, plotNumber=, state=}</td>
<td></td>
<td>0</td>
<td>tests.UserTests@55a147cc</td></tr>
<tr>
<td title='tests.UserTests.testCreateNewUser()'><b>testCreateNewUser</b><br>Test class: tests.UserTests<br>Parameters: {country=, zipCode=null, user_last_name=Sundaravadivelu, expected_status_line=Conflict, RequestName=CreateNewUser, ﻿Method=POST, expected_status_code=409, userId=, Scenario=Email id already exists, user_contact_number=GENERATE_IN_CODE, endpoint=uap/createusers, user_first_name=Srividya, user_email_id=Numpy@gmail.com, street=, plotNumber=, state=}</td>
<td></td>
<td>0</td>
<td>tests.UserTests@55a147cc</td></tr>
</table><p>
</body>
</html>